<?xml version="1.0" encoding="utf-8"?><testsuites name="pytest tests"><testsuite name="pytest" errors="0" failures="0" skipped="0" tests="310" time="104.196" timestamp="2026-08-12T03:05:09.113164+00:00" hostname="NoelAlex"><testcase classname="tests.test_100b_campaign" name="test_active_overtrain_tranches_exclude_retired_stack_edu" time="0.018" /><testcase classname="tests.test_100b_campaign" name="test_nemotron_candidate_pool_is_separate_and_revision_pinned" time="0.004" /><testcase classname="tests.test_100b_campaign" name="test_100b_train_configs_sum_to_campaign_budget" time="0.028" /><testcase classname="tests.test_100b_campaign" name="test_moe_pathway_telemetry_is_finite" time="0.148" /><testcase classname="tests.test_architecture_campaign" name="test_project_architecture_campaign_is_valid_and_materializable" time="1.180" /><testcase classname="tests.test_architecture_campaign" name="test_campaign_rejects_duplicate_ids" time="0.469" /><testcase classname="tests.test_architecture_campaign" name="test_campaign_requires_all_fair_comparison_axes" time="0.082" /><testcase classname="tests.test_architecture_campaign" name="test_campaign_rejects_unknown_execution_variant" time="0.106" /><testcase classname="tests.test_architecture_campaign" name="test_execution_matrix_is_a_real_candidate_backend_cross_product" time="1.473" /><testcase classname="tests.test_architecture_campaign" name="test_quality_train_config_promotes_moe_environment_to_first_class_field" time="0.009" /><testcase classname="tests.test_architecture_campaign" name="test_quality_execution_data_paths_are_independent_of_pinned_checkout" time="0.002" /><testcase classname="tests.test_architecture_campaign" name="test_execution_matrix_rejects_variant_not_used_by_selected_candidate" time="1.622" /><testcase classname="tests.test_architecture_campaign" name="test_smoke_train_payload_is_metrics_only_by_default" time="0.009" /><testcase classname="tests.test_architecture_campaign" name="test_k3_scale_frontier_parameter_geometry[aster_k3_latentmoe_868m_a483m.yaml-868300000-483400000]" time="7.755" /><testcase classname="tests.test_architecture_campaign" name="test_k3_scale_frontier_parameter_geometry[aster_k3_latentmoe_1p45b_a568m.yaml-1448100000-568200000]" time="0.391" /><testcase classname="tests.test_architecture_campaign" name="test_k3_scale_frontier_parameter_geometry[aster_k3_latentmoe_1p95b_a766m.yaml-1954400000-765900000]" time="0.512" /><testcase classname="tests.test_architecture_campaign" name="test_csa_hca_proxy_is_parameter_matched_to_dense_mla" time="1.700" /><testcase classname="tests.test_architecture_campaign" name="test_mhc_proxy_pays_for_mixers_by_reducing_ffn_width" time="1.482" /><testcase classname="tests.test_audit_posttrain_records" name="test_audit_counts_modes_lengths_and_duplicates" time="0.020" /><testcase classname="tests.test_audit_posttrain_records" name="test_discover_manifest_root_selects_source_directories" time="0.008" /><testcase classname="tests.test_backends" name="test_backend_resolution_is_exact_and_has_a_safe_fallback[capability0-cuda-ada-sm89]" time="0.001" /><testcase classname="tests.test_backends" name="test_backend_resolution_is_exact_and_has_a_safe_fallback[capability1-cuda-hopper-sm90]" time="0.001" /><testcase classname="tests.test_backends" name="test_backend_resolution_is_exact_and_has_a_safe_fallback[capability2-cuda-blackwell-sm100]" time="0.001" /><testcase classname="tests.test_backends" name="test_backend_resolution_is_exact_and_has_a_safe_fallback[capability3-cuda-blackwell-rtx-sm120]" time="0.001" /><testcase classname="tests.test_backends" name="test_backend_resolution_is_exact_and_has_a_safe_fallback[capability4-cuda-generic]" time="0.001" /><testcase classname="tests.test_backends" name="test_backend_resolution_is_exact_and_has_a_safe_fallback[capability5-cuda-generic]" time="0.001" /><testcase classname="tests.test_backends" name="test_cpu_uses_correctness_fallback" time="0.001" /><testcase classname="tests.test_backends" name="test_duplicate_backend_registration_is_rejected" time="0.001" /><testcase classname="tests.test_backends" name="test_sm100_and_sm120_never_alias" time="0.000" /><testcase classname="tests.test_benchmark_record" name="test_complete_benchmark_record_round_trip" time="0.004" /><testcase classname="tests.test_benchmark_record" name="test_partial_record_is_explicitly_allowed_only_during_collection" time="0.001" /><testcase classname="tests.test_benchmark_record" name="test_invalid_measurements_are_rejected[mean_gpu_util-101]" time="0.001" /><testcase classname="tests.test_benchmark_record" name="test_invalid_measurements_are_rejected[wall_time--1]" time="0.001" /><testcase classname="tests.test_benchmark_record" name="test_invalid_measurements_are_rejected[validation_loss-nan]" time="0.001" /><testcase classname="tests.test_benchmark_record" name="test_csv_export_keeps_nested_scores_machine_readable" time="0.001" /><testcase classname="tests.test_cache" name="test_fla_cache_uses_transformers_compatible_adapter" time="0.001" /><testcase classname="tests.test_checkpoint" name="test_checkpoint_round_trip" time="0.230" /><testcase classname="tests.test_checkpoint" name="test_checkpoint_rejects_explicit_backend_mismatch" time="0.023" /><testcase classname="tests.test_checkpoint" name="test_checkpoint_hash_detects_corruption" time="0.021" /><testcase classname="tests.test_checkpoint" name="test_deferred_pruning_preserves_checkpoints_until_explicit_commit" time="0.036" /><testcase classname="tests.test_checkpoint" name="test_checkpoint_pyramid_keeps_dense_recent_and_sparse_history" time="0.005" /><testcase classname="tests.test_checkpoint" name="test_checkpoint_budget_never_evicts_unverified_permanent_or_recent" time="0.002" /><testcase classname="tests.test_compressed_sparse_attention" name="test_compressed_attention_is_causal_and_backpropagates[4]" time="0.052" /><testcase classname="tests.test_compressed_sparse_attention" name="test_compressed_attention_is_causal_and_backpropagates[8]" time="0.011" /><testcase classname="tests.test_compressed_sparse_attention" name="test_csa_selected_indices_keep_local_window_and_completed_groups_only" time="0.010" /><testcase classname="tests.test_compressed_sparse_attention" name="test_hca_attends_all_completed_compressed_groups" time="0.004" /><testcase classname="tests.test_compressed_sparse_attention" name="test_aster_model_runs_explicit_csa_hca_pattern_and_fails_closed_for_cache" time="0.008" /><testcase classname="tests.test_compressed_sparse_attention" name="test_aster_model_runs_mhc_backbone_and_is_parameter_matched" time="0.047" /><testcase classname="tests.test_config" name="test_default_pattern_is_three_to_one" time="0.001" /><testcase classname="tests.test_config" name="test_explicit_pattern_validation" time="0.001" /><testcase classname="tests.test_config" name="test_explicit_compressed_attention_pattern_validation" time="0.001" /><testcase classname="tests.test_config" name="test_mhc_rejects_unvalidated_compositions" time="0.001" /><testcase classname="tests.test_config" name="test_invalid_backend_rejected" time="0.001" /><testcase classname="tests.test_config" name="test_all_repository_yaml_configs_load" time="0.252" /><testcase classname="tests.test_cuda_allocator" name="test_cuda_allocator_defaults_are_explicit_for_old_and_new_pytorch_names" time="0.001" /><testcase classname="tests.test_cuda_allocator" name="test_cuda_allocator_preserves_one_user_policy_but_rejects_conflicts" time="0.001" /><testcase classname="tests.test_cuda_toolchain" name="test_cuda_package_version_parser_handles_pep440_build_versions" time="0.001" /><testcase classname="tests.test_data" name="test_missing_jsonl_is_treated_as_local" time="0.001" /><testcase classname="tests.test_data" name="test_fim_transform_preserves_all_content" time="0.000" /><testcase classname="tests.test_data" name="test_source_config_validates_fim_rate" time="0.001" /><testcase classname="tests.test_data" name="test_packed_dataset_preserves_boundary_token" time="0.001" /><testcase classname="tests.test_data" name="test_normalize_sharegpt_messages" time="0.001" /><testcase classname="tests.test_data" name="test_message_format_includes_top_level_system" time="0.000" /><testcase classname="tests.test_data" name="test_packed_dataset_masks_cross_document_transition" time="0.001" /><testcase classname="tests.test_data" name="test_local_reader_ignores_control_and_cursor_files" time="0.001" /><testcase classname="tests.test_data" name="test_missing_data_directory_is_treated_as_local" time="0.015" /><testcase classname="tests.test_data" name="test_local_records_are_sharded_without_duplication" time="0.002" /><testcase classname="tests.test_data" name="test_packed_data_cursor_resumes_exactly_without_replaying_prior_batches" time="0.003" /><testcase classname="tests.test_data" name="test_packed_cursor_rejects_changed_local_shard_list" time="0.002" /><testcase classname="tests.test_data" name="test_validation_routing_is_deterministic_and_monotonic" time="0.082" /><testcase classname="tests.test_deepseek_v4_reference" name="test_gated_compressor_ratio4_matches_manual_overlap" time="0.011" /><testcase classname="tests.test_deepseek_v4_reference" name="test_gated_compressor_ignores_incomplete_tail_and_backpropagates" time="0.010" /><testcase classname="tests.test_deepseek_v4_reference" name="test_compressed_sparse_topk_is_causal_and_matches_scores" time="0.002" /><testcase classname="tests.test_deepseek_v4_reference" name="test_mhc_sinkhorn_is_nearly_doubly_stochastic_and_differentiable" time="0.007" /><testcase classname="tests.test_deepseek_v4_reference" name="test_mhc_residual_mixer_initializes_as_stable_four_stream_reference" time="0.007" /><testcase classname="tests.test_deepseek_v4_reference" name="test_mhc_head_reducer_starts_as_stream_mean_and_backpropagates" time="0.002" /><testcase classname="tests.test_exact_training_resume" name="test_uninterrupted_and_reconstructed_training_are_exact" time="26.940" /><testcase classname="tests.test_experiment_provenance" name="test_repository_provenance_records_commit_status_and_diff_hash" time="1.543" /><testcase classname="tests.test_experiment_provenance" name="test_repository_provenance_handles_non_repository" time="0.004" /><testcase classname="tests.test_experiment_provenance" name="test_moe_aggregate_helpers_ignore_dense_summaries" time="0.001" /><testcase classname="tests.test_experiment_registry" name="test_experiment_registry_lifecycle" time="0.012" /><testcase classname="tests.test_experiment_registry" name="test_registry_refuses_to_mix_fresh_runs_and_can_resume" time="0.006" /><testcase classname="tests.test_experiment_registry" name="test_wandb_identity_follows_checkpoint_to_a_new_output_directory" time="0.007" /><testcase classname="tests.test_gcp_cloud" name="test_default_gcp_profile_is_safely_blocked_until_credentials_and_billing" time="0.007" /><testcase classname="tests.test_gcp_cloud" name="test_gcp_dispatch_is_dry_run_by_default" time="0.006" /><testcase classname="tests.test_gcp_cloud" name="test_gcp_cache_gate_fails_before_contract_upload_or_vm_creation" time="0.001" /><testcase classname="tests.test_gcp_cloud" name="test_gcp_host_image_identity_fails_before_cache_or_vm" time="0.001" /><testcase classname="tests.test_gcp_cloud" name="test_gcp_control_targets_one_exact_instance[graceful-add-metadata-graceful_stop_requested]" time="0.004" /><testcase classname="tests.test_gcp_cloud" name="test_gcp_control_targets_one_exact_instance[terminate-delete-terminated]" time="0.004" /><testcase classname="tests.test_gcp_cloud" name="test_gcp_cache_staging_is_sealed_incremental_and_manifest_last" time="0.006" /><testcase classname="tests.test_gpu_execution_profiles" name="test_remote_gpu_profiles_preserve_effective_batch_geometry" time="0.049" /><testcase classname="tests.test_gpu_execution_profiles" name="test_gcp_machine_types_resolve_to_gpu_execution_profiles" time="0.035" /><testcase classname="tests.test_hf_stream" name="test_real_datasets_5_cursor_detection_without_ex_iterables_key" time="0.001" /><testcase classname="tests.test_hf_stream" name="test_outer_rebatched_previous_state_is_authoritative" time="0.000" /><testcase classname="tests.test_hf_stream" name="test_sequentializes_direct_legacy_cursor_without_duplicates_or_skips" time="0.001" /><testcase classname="tests.test_hf_stream" name="test_outer_pending_chunks_are_discarded_before_sequential_drain" time="0.001" /><testcase classname="tests.test_hf_stream" name="test_sequential_cursor_round_trip_after_exact_migration" time="0.195" /><testcase classname="tests.test_hf_stream" name="test_new_stream_is_resharded_and_uses_one_input_shard" time="0.000" /><testcase classname="tests.test_hf_stream" name="test_existing_multistream_cursor_can_use_exact_sequential_migration" time="0.001" /><testcase classname="tests.test_hf_stream" name="test_default_legacy_migration_skips_only_partial_files_without_remote_replay" time="0.001" /><testcase classname="tests.test_hf_stream" name="test_open_resumable_defaults_to_next_shard_policy" time="0.001" /><testcase classname="tests.test_hf_stream" name="test_v3_v4_sequential_cursor_upgrades_offline_to_next_shard" time="0.001" /><testcase classname="tests.test_hf_stream" name="test_sequential_upgrade_does_not_skip_an_untouched_boundary_shard" time="0.001" /><testcase classname="tests.test_hf_stream" name="test_sequential_upgrade_preserves_completed_children" time="0.001" /><testcase classname="tests.test_hf_stream" name="test_next_shard_policy_is_reapplied_on_every_sequential_restart" time="0.001" /><testcase classname="tests.test_hf_stream" name="test_next_shard_restart_does_not_skip_clean_boundary_again" time="0.001" /><testcase classname="tests.test_hf_stream" name="test_parallel_prefetch_checkpoint_ignores_unemitted_lookahead" time="0.052" /><testcase classname="tests.test_hf_stream" name="test_parallel_prefetch_waits_for_any_ready_child_without_reordering_each_child" time="0.252" /><testcase classname="tests.test_hub" name="test_remote_checkpoint_verification_supports_git_and_lfs_hashes" time="0.001" /><testcase classname="tests.test_hub" name="test_remote_checkpoint_verification_fails_closed_on_hash_mismatch" time="0.001" /><testcase classname="tests.test_hub_checkpoint" name="test_hub_checkpoint_catalog_and_selectors" time="0.000" /><testcase classname="tests.test_hub_checkpoint" name="test_hub_checkpoint_selector_rejects_unknown_token_milestone" time="0.000" /><testcase classname="tests.test_local_promotion_evidence" name="test_local_gate_map_cannot_certify_hardware_quality_or_provider_claims" time="0.005" /><testcase classname="tests.test_local_promotion_evidence" name="test_local_evidence_refuses_a_dirty_checkout" time="0.005" /><testcase classname="tests.test_long_context_retrieval" name="test_exact_key_case_is_deterministic_and_token_exact" time="0.001" /><testcase classname="tests.test_long_context_retrieval" name="test_exact_key_case_rejects_invalid_geometry" time="0.000" /><testcase classname="tests.test_long_context_retrieval" name="test_all_retrieval_tasks_are_deterministic_and_exact_length[exact_key]" time="0.001" /><testcase classname="tests.test_long_context_retrieval" name="test_all_retrieval_tasks_are_deterministic_and_exact_length[repeated_key]" time="0.001" /><testcase classname="tests.test_long_context_retrieval" name="test_all_retrieval_tasks_are_deterministic_and_exact_length[two_hop]" time="0.001" /><testcase classname="tests.test_long_context_retrieval" name="test_unknown_retrieval_task_is_rejected" time="0.000" /><testcase classname="tests.test_long_context_retrieval" name="test_teacher_forced_score_uses_incremental_cache_and_exact_token_metric" time="0.001" /><testcase classname="tests.test_long_context_retrieval" name="test_retrieval_summary_keeps_lengths_separate" time="0.000" /><testcase classname="tests.test_modal_cloud" name="test_default_modal_profile_is_safely_blocked_and_secret_free" time="0.023" /><testcase classname="tests.test_modal_cloud" name="test_modal_profiles_do_not_share_persistent_volumes" time="0.016" /><testcase classname="tests.test_modal_cloud" name="test_modal_rejects_unpinned_image_and_incompatible_candidate" time="0.033" /><testcase classname="tests.test_modal_cloud" name="test_modal_dispatch_is_dry_run_by_default" time="0.025" /><testcase classname="tests.test_modal_cloud" name="test_modal_cache_gate_hashes_the_persistent_manifest_before_allocation" time="0.001" /><testcase classname="tests.test_modal_cloud" name="test_modal_cache_gate_fails_closed_on_absent_or_stale_data" time="0.001" /><testcase classname="tests.test_modal_cloud" name="test_modal_submit_never_reaches_image_or_sandbox_when_cache_gate_fails" time="0.001" /><testcase classname="tests.test_modal_cloud" name="test_modal_cache_stage_plan_contains_only_sealed_clean_artifacts" time="0.001" /><testcase classname="tests.test_modal_cloud" name="test_modal_qualification_is_one_bounded_synthetic_data_sandbox" time="0.677" /><testcase classname="tests.test_modal_cloud" name="test_modal_requires_explicit_gpu_and_honest_timeout_cost" time="0.042" /><testcase classname="tests.test_modal_cloud" name="test_modal_control_is_profile_isolated_and_structured" time="0.007" /><testcase classname="tests.test_modal_cloud" name="test_modal_control_rejects_unknown_targets" time="0.001" /><testcase classname="tests.test_model" name="test_forward_backward_and_mtp" time="0.047" /><testcase classname="tests.test_model" name="test_kda_geometry_can_be_wider_than_mla_geometry" time="0.008" /><testcase classname="tests.test_model" name="test_named_initialization_preserves_shared_tensors_across_kda_geometries" time="0.234" /><testcase classname="tests.test_model" name="test_cached_decode_matches_full_forward" time="0.019" /><testcase classname="tests.test_model" name="test_cache_window_is_bounded" time="0.014" /><testcase classname="tests.test_model" name="test_block_attnres_path" time="0.007" /><testcase classname="tests.test_model" name="test_all_ignored_labels_produce_finite_zero_loss" time="0.011" /><testcase classname="tests.test_model" name="test_training_path_can_skip_full_vocabulary_logits" time="0.041" /><testcase classname="tests.test_model" name="test_chunked_prefill_matches_full_forward_last_token" time="0.016" /><testcase classname="tests.test_model" name="test_ssnorm_and_folded_embedding_projection_are_equivalent" time="0.048" /><testcase classname="tests.test_moe" name="test_moe_forward_backward_and_active_count" time="0.022" /><testcase classname="tests.test_moe" name="test_aux_free_bias_update_moves_away_from_overloaded_expert" time="0.001" /><testcase classname="tests.test_moe" name="test_router_load_uses_assignment_fraction" time="0.007" /><testcase classname="tests.test_moe" name="test_router_bias_update_can_skip_host_stats" time="0.010" /><testcase classname="tests.test_moe" name="test_router_stays_out_of_muon_partition" time="0.005" /><testcase classname="tests.test_moe" name="test_fixed_bincount_matches_known_extent" time="0.001" /><testcase classname="tests.test_moe" name="test_reference_moe_reports_no_grouped_backend_overhead" time="0.005" /><testcase classname="tests.test_moe_cutlass_cuda" name="test_grouped_moe_matches_dropless_reference[cutlass]" time="0.881" /><testcase classname="tests.test_moe_cutlass_cuda" name="test_grouped_moe_matches_dropless_reference[torch_grouped]" time="0.033" /><testcase classname="tests.test_moe_cutlass_cuda" name="test_grouped_moe_matches_dropless_reference[liger]" time="23.355" /><testcase classname="tests.test_moe_fp8_alignment" name="test_te_expert_input_is_padded_and_output_is_sliced" time="0.001" /><testcase classname="tests.test_moe_fp8_alignment" name="test_te_expert_aligned_input_is_unchanged_in_shape" time="0.001" /><testcase classname="tests.test_moe_grouped_switch" name="test_reference_switch_keeps_cpu_path_functional" time="0.024" /><testcase classname="tests.test_moe_grouped_switch" name="test_grouped_switch_is_explicit" time="0.001" /><testcase classname="tests.test_moe_grouped_switch" name="test_reference_state_dict_has_no_grouped_bridge_keys" time="0.002" /><testcase classname="tests.test_moe_grouped_switch" name="test_liger_refuses_to_approximate_k3_situ_activation" time="0.001" /><testcase classname="tests.test_moe_packed_storage" name="test_packed_expert_storage_preserves_keys_values_and_independent_gradients" time="0.005" /><testcase classname="tests.test_moe_packed_storage" name="test_packed_expert_storage_tracks_optimizer_updates_without_restacking" time="0.003" /><testcase classname="tests.test_moe_packed_storage" name="test_packed_expert_storage_tracks_megabatched_muon_updates" time="0.004" /><testcase classname="tests.test_moe_packed_storage" name="test_materialized_expert_storage_round_trips_through_safetensors" time="0.002" /><testcase classname="tests.test_moe_packed_storage" name="test_packed_expert_storage_rejects_mixed_shapes" time="0.000" /><testcase classname="tests.test_muon_benchmark" name="test_parse_muon_shape" time="0.000" /><testcase classname="tests.test_muon_benchmark" name="test_muon_topology_counts_per_head_matrices" time="0.105" /><testcase classname="tests.test_optimizer" name="test_newton_schulz_shape_and_finiteness" time="0.001" /><testcase classname="tests.test_optimizer" name="test_batched_newton_schulz_matches_independent_blocks" time="0.013" /><testcase classname="tests.test_optimizer" name="test_megabatched_muon_matches_parameterwise_state_and_updates" time="0.013" /><testcase classname="tests.test_optimizer" name="test_megabatched_muon_preserves_per_head_partition_math" time="0.006" /><testcase classname="tests.test_optimizer" name="test_hybrid_optimizer_step" time="0.015" /><testcase classname="tests.test_optimizer" name="test_adamw_control_has_no_muon_partition_and_steps_on_cpu" time="0.006" /><testcase classname="tests.test_optimizer" name="test_per_head_muon_partitions_attention_projections_and_steps" time="0.016" /><testcase classname="tests.test_optimizer" name="test_per_head_muon_partitions_mla_qkv_up_projections" time="0.002" /><testcase classname="tests.test_optimizer_matrix" name="test_nested_float_reads_phase_metric" time="0.001" /><testcase classname="tests.test_optimizer_matrix" name="test_median_present_ignores_missing_values" time="0.001" /><testcase classname="tests.test_optimizer_quality_campaign" name="test_optimizer_campaign_has_independent_family_searches" time="0.236" /><testcase classname="tests.test_optimizer_quality_campaign" name="test_arm_payload_uses_fractional_warmup_and_metrics_only" time="0.006" /><testcase classname="tests.test_optimizer_quality_campaign" name="test_optimizer_resume_contract_rejects_changed_arm_definition" time="0.000" /><testcase classname="tests.test_precision_manager" name="test_precision_manager_slots_allow_internal_runtime_state" time="0.000" /><testcase classname="tests.test_precision_manager" name="test_precision_manager_amp_forward_context_constructs" time="0.000" /><testcase classname="tests.test_prepare_direct_mode_data" name="test_direct_mode_conversion_balances_inputs_before_global_limit" time="0.001" /><testcase classname="tests.test_prepare_direct_mode_data" name="test_direct_mode_conversion_continues_after_short_source_exhausts" time="0.001" /><testcase classname="tests.test_pretraining_campaign" name="test_campaign_is_token_honest_and_stage_command_is_portable" time="0.005" /><testcase classname="tests.test_profile_energy_telemetry" name="test_gpu_power_summary_records_mean_for_total_energy_estimation" time="0.001" /><testcase classname="tests.test_profile_energy_telemetry" name="test_torch_profiler_summary_is_machine_readable_and_device_time_sorted" time="0.000" /><testcase classname="tests.test_profile_energy_telemetry" name="test_system_manifest_records_the_allocator_contract" time="0.748" /><testcase classname="tests.test_promotion_gates" name="test_project_final_run_is_locked_by_unpassed_required_gates_with_energy_observational_only" time="0.043" /><testcase classname="tests.test_promotion_gates" name="test_passed_gate_requires_evidence" time="0.009" /><testcase classname="tests.test_promotion_gates" name="test_all_gates_pass_only_with_evidence" time="0.019" /><testcase classname="tests.test_promotion_gates" name="test_passed_gate_rejects_tampered_evidence" time="0.011" /><testcase classname="tests.test_prune_experiment_checkpoints" name="test_pruner_records_manifest_before_removing_payload" time="0.004" /><testcase classname="tests.test_prune_experiment_checkpoints" name="test_pruner_refuses_workspace_wide_runs_root" time="0.001" /><testcase classname="tests.test_prune_experiment_checkpoints" name="test_pruner_removes_pointer_already_made_stale" time="0.003" /><testcase classname="tests.test_quality_analysis" name="test_quality_curve_budget_metrics_interpolate_and_normalize" time="0.000" /><testcase classname="tests.test_quality_analysis" name="test_first_budget_at_or_below_interpolates_first_crossing" time="0.000" /><testcase classname="tests.test_quality_analysis" name="test_optimizer_screening_tunes_families_and_keeps_pareto_tradeoffs" time="0.000" /><testcase classname="tests.test_quality_campaign" name="test_named_initialization_audit_accepts_shared_projection_parity" time="0.434" /><testcase classname="tests.test_quality_campaign" name="test_quality_summary_and_latest_checkpoint" time="0.002" /><testcase classname="tests.test_quality_campaign" name="test_interrupted_metrics_only_attempt_is_archived_atomically" time="0.001" /><testcase classname="tests.test_quality_campaign" name="test_explicit_execution_matrix_accepts_heterogeneous_matched_pairs" time="0.003" /><testcase classname="tests.test_quality_campaign" name="test_resume_contract_rejects_changed_token_budget" time="0.003" /><testcase classname="tests.test_quantization" name="test_int4_and_hadamard_roundtrip_reduce_storage" time="0.004" /><testcase classname="tests.test_quantization" name="test_hot_cold_cache_quantizes_old_chunks" time="0.001" /><testcase classname="tests.test_quantization" name="test_loqt_backward_and_merge" time="0.002" /><testcase classname="tests.test_reasoning" name="test_reasoning_special_tokens_are_registered" time="0.000" /><testcase classname="tests.test_reasoning" name="test_prompt_modes_and_final_answer_extraction" time="0.000" /><testcase classname="tests.test_reasoning" name="test_group_advantages_and_dr_grpo" time="0.001" /><testcase classname="tests.test_reasoning" name="test_all_rlvr_losses_are_finite_and_differentiable" time="0.002" /><testcase classname="tests.test_reasoning" name="test_rl_sequence_alignment_and_padding" time="0.001" /><testcase classname="tests.test_reasoning" name="test_chunked_selected_logprobs_match_full_projection" time="0.024" /><testcase classname="tests.test_reasoning" name="test_math_reward_requires_declared_final_answer" time="0.001" /><testcase classname="tests.test_reasoning" name="test_safe_python_stdin_and_function_verifiers" time="0.077" /><testcase classname="tests.test_reasoning" name="test_reasoning_data_converter_extracts_nested_tests" time="0.010" /><testcase classname="tests.test_reasoning" name="test_reasoning_trace_gets_mode_token_and_direct_variant" time="0.004" /><testcase classname="tests.test_reasoning" name="test_reasoning_reader_ignores_materializer_control_json" time="0.001" /><testcase classname="tests.test_reasoning" name="test_preference_response_extracts_last_assistant_message" time="0.012" /><testcase classname="tests.test_remote_contract_runner" name="test_remote_runner_forwards_sigterm_to_training_process_group" time="0.001" /><testcase classname="tests.test_resumable_downloads" name="test_cursor_resume_preferred_over_record_skip" time="0.000" /><testcase classname="tests.test_resumable_downloads" name="test_record_skip_is_legacy_fallback" time="0.000" /><testcase classname="tests.test_resumable_downloads" name="test_orphan_cleanup_keeps_only_committed_files" time="0.002" /><testcase classname="tests.test_resumable_downloads" name="test_retry_policy_supports_unlimited_mode" time="0.000" /><testcase classname="tests.test_resumable_downloads" name="test_gated_dataset_access_errors_are_not_retried" time="0.001" /><testcase classname="tests.test_resumable_downloads" name="test_dclm_uses_official_parquet_mirror" time="0.024" /><testcase classname="tests.test_resumable_downloads" name="test_pilot_progressively_expands_frontier_output" time="0.029" /><testcase classname="tests.test_resumable_downloads" name="test_corpus_signature_allows_target_expansion_but_not_filter_changes" time="0.014" /><testcase classname="tests.test_resumable_downloads" name="test_record_completion_supports_full_split_mode" time="0.014" /><testcase classname="tests.test_resumable_downloads" name="test_complete_benchmark_splits_do_not_use_impossible_caps" time="0.006" /><testcase classname="tests.test_resumable_downloads" name="test_old_mmlu_state_migrates_to_complete_split_without_redownload" time="0.006" /><testcase classname="tests.test_resumable_downloads" name="test_project_local_hf_cache_preserves_global_login_token" time="0.015" /><testcase classname="tests.test_resumable_downloads" name="test_explicit_hf_token_path_is_not_replaced" time="0.022" /><testcase classname="tests.test_resumable_downloads" name="test_selected_hf_home_replaces_inherited_subcaches" time="0.015" /><testcase classname="tests.test_resumable_downloads" name="test_checkout_guard_rejects_another_checkout_virtualenv" time="0.041" /><testcase classname="tests.test_runtime" name="test_configure_transformer_engine_runtime_discovers_cuda_wheel" time="0.001" /><testcase classname="tests.test_runtime" name="test_configure_transformer_engine_runtime_preserves_explicit_setting" time="0.001" /><testcase classname="tests.test_scale_frontier_fit" name="test_scale_fit_plan_keeps_update_tokens_and_descending_batches" time="0.000" /><testcase classname="tests.test_schedule" name="test_wsd_has_warmup_stable_and_decay_phases" time="0.000" /><testcase classname="tests.test_schedule" name="test_cosine_schedule_reaches_floor" time="0.000" /><testcase classname="tests.test_situ_glu_cuda" name="test_fused_situ_glu_forward_backward_matches_oracle[dtype0]" time="0.020" /><testcase classname="tests.test_situ_glu_cuda" name="test_fused_situ_glu_forward_backward_matches_oracle[dtype1]" time="0.008" /><testcase classname="tests.test_source_checkout" name="test_pinned_checkout_is_clean_exact_and_removed" time="6.883" /><testcase classname="tests.test_source_provenance" name="test_imported_source_matches_test_checkout" time="1.329" /><testcase classname="tests.test_source_provenance" name="test_mismatched_checkout_is_rejected" time="1.381" /><testcase classname="tests.test_source_provenance" name="test_imported_root_contains_project_metadata" time="0.004" /><testcase classname="tests.test_sparse_gather_attention" name="test_torch_sparse_gather_attention_handles_sink_mask_and_gradients" time="0.035" /><testcase classname="tests.test_sparse_gather_attention" name="test_dispatch_rejects_triton_on_cpu" time="0.005" /><testcase classname="tests.test_sparse_gather_attention" name="test_triton_forward_backward_matches_torch_oracle[dtype0]" time="0.104" /><testcase classname="tests.test_sparse_gather_attention" name="test_triton_forward_backward_matches_torch_oracle[dtype1]" time="0.011" /><testcase classname="tests.test_sparse_gather_benchmark" name="test_sparse_benchmark_indices_are_causal_and_offset_compressed_history" time="0.001" /><testcase classname="tests.test_speculative" name="test_mtp_reference_matches_greedy_output" time="0.022" /><testcase classname="tests.test_te_checkpoint_bridge" name="test_te_checkpoint_bridge_is_wired_for_blocks_and_mtp" time="0.006" /><testcase classname="tests.test_te_checkpoint_bridge" name="test_chunked_lm_loss_stays_on_native_torch_checkpoint" time="0.004" /><testcase classname="tests.test_tokenizer_seal" name="test_tokenizer_build_emits_corpus_bound_fertility_seal" time="2.305" /><testcase classname="tests.test_training_contracts" name="test_decision_grade_contract_requires_and_validates_sealed_data" time="0.007" /><testcase classname="tests.test_training_contracts" name="test_final_contract_is_mechanically_promotion_locked" time="0.028" /><testcase classname="tests.test_training_contracts" name="test_final_contract_rejects_metrics_only_checkpoint_policy" time="0.013" /><testcase classname="tests.test_training_contracts" name="test_shared_dedup_database_removes_cross_source_duplicate" time="2.899" /><testcase classname="tests.test_training_data_state" name="test_trainer_data_state_carries_step_tokens_and_both_cursors" time="0.001" /><testcase classname="tests.test_training_data_state" name="test_trainer_restores_data_state_without_batch_replay" time="0.001" /><testcase classname="tests.test_training_data_state" name="test_trainer_rejects_cursor_identity_mismatch" time="0.001" /><testcase classname="tests.test_training_data_state" name="test_evaluation_console_format_accepts_semantic_role" time="0.000" /><testcase classname="tests.test_training_execution" name="test_local_execution_plan_is_explicit_and_auditable" time="0.001" /><testcase classname="tests.test_training_execution" name="test_moe_backend_is_first_class_and_environment_conflicts_fail" time="0.001" /><testcase classname="tests.test_training_execution" name="test_verified_autotune_cache_is_consumed_and_manifested" time="0.002" /><testcase classname="tests.test_training_execution" name="test_unpromoted_external_engine_is_never_silently_claimed" time="0.001" /><testcase classname="tests.test_training_execution" name="test_local_engine_rejects_accidental_distributed_launch" time="0.001" /><testcase classname="tests.test_training_execution" name="test_cuda_graph_training_must_pass_promotion_gate" time="0.001" /><testcase classname="tests.test_training_execution" name="test_backend_probe_separates_source_package_adapter_and_promotion" time="0.002" /><testcase classname="tests.test_training_execution" name="test_git_commit_treats_unreadable_checkout_as_absent" time="0.001" /><testcase classname="tests.test_training_execution" name="test_backend_probe_marks_local_engine_unsupported_for_distributed_topology" time="0.031" /><testcase classname="tests.test_vnext2_core" name="test_absorbed_mla_matches_reconstructed_forward_and_gradients" time="0.020" /><testcase classname="tests.test_vnext2_core" name="test_deepseek_mtp_one_step_smoke_and_backward" time="0.011" /><testcase classname="tests.test_vnext2_core" name="test_deepseek_mtp_target_shift_and_boundary_mask" time="0.013" /><testcase classname="tests.test_vnext2_core" name="test_deepseek_mtp_is_depth_one_research_backend" time="0.001" /><testcase classname="tests.test_vnext2_core" name="test_stable_latent_moe_components_are_explicit_and_trainable" time="0.016" /><testcase classname="tests.test_vnext2_core" name="test_situ_glu_is_locally_swiglu_like_and_globally_bounded" time="0.001" /><testcase classname="tests.test_vnext_core" name="test_activation_checkpoint_is_not_discarded" time="0.025" /><testcase classname="tests.test_vnext_core" name="test_linear_cross_entropy_matches_legacy_fp32" time="0.065" /><testcase classname="tests.test_vnext_core" name="test_latent_moe_reference_forward_backward" time="0.008" /><testcase classname="tests.test_vnext_core" name="test_attnres_fallback_has_finite_gradients" time="0.006" /><testcase classname="tests.test_vnext_core" name="test_vnext_config_accepts_gdn2_and_latent_moe" time="0.001" /><testcase classname="tests.test_vnext_core" name="test_attnres_integrated_checkpoint_forward_backward" time="0.032" /><testcase classname="tests.test_vnext_core" name="test_segment_checkpoint_saves_only_segment_boundaries_without_double_forward" time="0.022" /><testcase classname="studio.tests.test_diagnostics" name="test_diagnostic_matrices_summarize_nested_runs" time="0.007" /><testcase classname="studio.tests.test_execution_backends" name="test_execution_backend_status_is_cached_and_secret_free" time="0.001" /><testcase classname="studio.tests.test_overview" name="test_overview_includes_clean_corpus_status" time="0.624" /><testcase classname="studio.tests.test_overview" name="test_retired_stack_edu_is_rejected_from_active_workflows" time="0.009" /><testcase classname="studio.tests.test_provider_control" name="test_provider_control_routes_one_recorded_gcp_instance" time="0.001" /><testcase classname="studio.tests.test_provider_control" name="test_provider_control_rejects_unrecorded_or_broad_target" time="0.001" /><testcase classname="studio.tests.test_providers" name="test_modal_profiles_are_aliases_only" time="1.217" /><testcase classname="studio.tests.test_providers" name="test_provider_catalog_has_sources_and_readiness" time="2.579" /><testcase classname="studio.tests.test_providers" name="test_gcp_fallback_profile_never_implies_authentication" time="0.008" /><testcase classname="studio.tests.test_providers" name="test_command_probe_keeps_virtualenv_sibling_path" time="0.001" /><testcase classname="studio.tests.test_providers" name="test_provider_policy_rejects_unknown_or_negative_spend" time="0.001" /><testcase classname="studio.tests.test_remote_contracts" name="test_gcp_contract_selects_real_dispatch_adapter" time="0.001" /><testcase classname="studio.tests.test_remote_contracts" name="test_modal_contract_selects_real_dispatch_adapter" time="0.001" /><testcase classname="studio.tests.test_remote_contracts" name="test_contract_accepts_directory_resume_and_hashes_tree" time="0.002" /><testcase classname="studio.tests.test_remote_contracts" name="test_contract_records_cross_provider_hub_resume" time="0.001" /><testcase classname="studio.tests.test_remote_contracts" name="test_contract_binds_decision_grade_dataset_manifest" time="0.001" /><testcase classname="studio.tests.test_remote_contracts" name="test_contract_hashes_inputs_and_never_contains_credentials" time="0.001" /><testcase classname="studio.tests.test_remote_contracts" name="test_contract_enforces_spend_confirmation_and_profile" time="0.001" /><testcase classname="studio.tests.test_remote_contracts" name="test_contract_records_readiness_and_clean_git_blockers" time="0.001" /><testcase classname="studio.tests.test_research_archive" name="test_archive_indexes_trials_without_duplicate_revisions" time="0.011" /><testcase classname="studio.tests.test_research_archive" name="test_archive_paginates_and_reports_comparison_mismatches" time="0.009" /><testcase classname="studio.tests.test_research_archive" name="test_archive_ingests_append_only_findings_ledger" time="0.008" /><testcase classname="studio.tests.test_research_archive" name="test_archive_indexes_quality_runs_and_aggregate_metrics" time="0.010" /><testcase classname="studio.tests.test_server_gpu" name="test_laptop_nvidia_smi_optional_na_field_does_not_hide_gpu" time="0.001" /><testcase classname="studio.tests.test_stateful_data" name="test_fast_resume_is_exact_at_packed_token_boundary" time="0.002" /><testcase classname="studio.tests.test_stateful_data" name="test_data_signature_rejects_modified_local_shard" time="0.002" /></testsuite></testsuites>